#
# A fatal error has been detected by the Java Runtime Environment:
#
#  EXCEPTION_ACCESS_VIOLATION (0xc0000005) at pc=0x00007fff97386a17, pid=98572, tid=103220
#
# JRE version: OpenJDK Runtime Environment (23.0.2+7) (build 23.0.2+7-58)
# Java VM: OpenJDK 64-Bit Server VM (23.0.2+7-58, mixed mode, sharing, tiered, compressed oops, compressed class ptrs, g1 gc, windows-amd64)
# Problematic frame:
# C  [glass.dll+0x26a17]
#
# No core dump will be written. Minidumps are not enabled by default on client versions of Windows
#
# If you would like to submit a bug report, please visit:
#   https://bugreport.java.com/bugreport/crash.jsp
#

---------------  S U M M A R Y ------------

Command Line: -Dfile.encoding=UTF-8 -Duser.country=AU -Duser.language=en -Duser.variant dungeon.gui.RunGame

Host: AMD Ryzen 7 5700U with Radeon Graphics         , 16 cores, 31G,  Windows 11 , 64 bit Build 26100 (10.0.26100.3912)
Time: Fri May 30 01:31:31 2025 E. Australia Standard Time elapsed time: 26.168865 seconds (0d 0h 0m 26s)

---------------  T H R E A D  ---------------

Current thread (0x000001627d445b90):  VMThread "VM Thread"          [id=103220, stack(0x0000003827100000,0x0000003827200000) (1024K)]

Stack: [0x0000003827100000,0x0000003827200000],  sp=0x00000038271fea80,  free space=1018k
Native frames: (J=compiled Java code, j=interpreted, Vv=VM code, C=native code)
C  [glass.dll+0x26a17]  (no source info available)
C  [ucrtbase.dll+0x4bc75]  (no source info available)
C  [ucrtbase.dll+0x4b897]  (no source info available)
C  [ucrtbase.dll+0x4b84d]  (no source info available)
C  [glass.dll+0x241ed]  (no source info available)
C  [glass.dll+0x24312]  (no source info available)
C  [ntdll.dll+0x88083]  (no source info available)
C  [ntdll.dll+0x9da1f]  (no source info available)
C  [ntdll.dll+0x9c794]  (no source info available)
C  [KERNEL32.DLL+0x418ab]  (no source info available)
C  [ucrtbase.dll+0xa0093]  (no source info available)
V  [jvm.dll+0x6d9b3c]  (no source info available)
V  [jvm.dll+0x6d9670]  (no source info available)
V  [jvm.dll+0x3da724]  (no source info available)
V  [jvm.dll+0x886d50]  (no source info available)
V  [jvm.dll+0x888077]  (no source info available)
V  [jvm.dll+0x8885a8]  (no source info available)
V  [jvm.dll+0x888843]  (no source info available)
V  [jvm.dll+0x8254cb]  (no source info available)
V  [jvm.dll+0x6df345]  (no source info available)
C  [ucrtbase.dll+0x37b0]  (no source info available)
C  [KERNEL32.DLL+0x2e8d7]  (no source info available)
C  [ntdll.dll+0x9c5dc]  (no source info available)


siginfo: EXCEPTION_ACCESS_VIOLATION (0xc0000005), reading address 0x0000000000000000


Registers:
RAX=0x0000000000000000, RBX=0x000001627d44d93a, RCX=0x000001627d445b90, RDX=0x00000038271fea80
RSP=0x00000038271fea80, RBP=0x0000c4b8d17ce0f3, RSI=0x000001626579a728, RDI=0x000001626579a700
R8 =0x0000000000010002, R9 =0x0000c4b8d17ce0f3, R10=0x0000016276300000, R11=0x00000038271fe930
R12=0x00007fff97360000, R13=0x000000007ffe0385, R14=0x00000038271feb88, R15=0x000001626579a700
RIP=0x00007fff97386a17, EFLAGS=0x0000000000010206


Register to memory mapping:

RAX=0x0 is null
RBX=0x000001627d44d93a is a global jni handle
RCX=0x000001627d445b90 points into unknown readable memory: 0x00007ffed7b50708 | 08 07 b5 d7 fe 7f 00 00
RDX=0x00000038271fea80 points into unknown readable memory: 0x0000000000000000 | 00 00 00 00 00 00 00 00
RSP=0x00000038271fea80 points into unknown readable memory: 0x0000000000000000 | 00 00 00 00 00 00 00 00
RBP=0x0000c4b8d17ce0f3 is an unknown value
RSI=0x000001626579a728 points into unknown readable memory: 0x0000c4b8d17ce0f3 | f3 e0 7c d1 b8 c4 00 00
RDI=0x000001626579a700 points into unknown readable memory: 0xf3c0c4bb2e805932 | 32 59 80 2e bb c4 c0 f3
R8 =0x0000000000010002 is an unknown value
R9 =0x0000c4b8d17ce0f3 is an unknown value
R10=0x0000016276300000 points into unknown readable memory: 0x0000000000000000 | 00 00 00 00 00 00 00 00
R11=0x00000038271fe930 points into unknown readable memory: 0x0000000000000000 | 00 00 00 00 00 00 00 00
R12=0x00007fff97360000 glass.dll
R13=0x000000007ffe0385 points into unknown readable memory: 00 00 00
R14=0x00000038271feb88 points into unknown readable memory: 0x00000038271feb70 | 70 eb 1f 27 38 00 00 00
R15=0x000001626579a700 points into unknown readable memory: 0xf3c0c4bb2e805932 | 32 59 80 2e bb c4 c0 f3

Top of Stack: (sp=0x00000038271fea80)
0x00000038271fea80:   0000000000000000 0000016200000000
0x00000038271fea90:   000001626577d8b0 00007fff97360000
0x00000038271feaa0:   000001626579a708 00007fffc632bc75
0x00000038271feab0:   000001626579a700 0000016200000000
0x00000038271feac0:   000001626579a720 0000c4b8d17ce0f3
0x00000038271fead0:   fffffffffffffffe 00007fffa9c30000
0x00000038271feae0:   0000000000000000 00007fff97360000
0x00000038271feaf0:   00000038271feb78 00007fffc632b897
0x00000038271feb00:   00000038271feb00 00000038271feb88
0x00000038271feb10:   00000038271ff0b0 00007fffc64188c0
0x00000038271feb20:   0000000000000001 00007fffc632b84d
0x00000038271feb30:   0000000000000000 0000000000000001
0x00000038271feb40:   00007fffc18fcd80 00000038271feb78
0x00000038271feb50:   fffffffffffffffe 00000038271feb40
0x00000038271feb60:   0000000000000000 00007fff973841ed
0x00000038271feb70:   00007fff9739a008 0000000000000002
0x00000038271feb80:   00007fff00000002 00000038271feb70
0x00000038271feb90:   0000000000000000 00007fffc3010000
0x00000038271feba0:   0000000000000000 00007fff97384312
0x00000038271febb0:   0000000000000001 000000007ffe0384
0x00000038271febc0:   0000000000000001 0000000000000000
0x00000038271febd0:   0000000000000001 00007fffc522277e
0x00000038271febe0:   0000000000000001 00000000000000bc
0x00000038271febf0:   00007fff97384360 0000000000000001
0x00000038271fec00:   0000000000000001 00007fffc8b48083
0x00000038271fec10:   00007fff97360000 0000000000000000
0x00000038271fec20:   0000000000000001 000000007ffe0384
0x00000038271fec30:   000000000000008d 0000000000000000
0x00000038271fec40:   0000000000000000 0000000000000000
0x00000038271fec50:   00007fff97360000 fffffb6500000000
0x00000038271fec60:   00000000000000ba 0000000000000000
0x00000038271fec70:   0000000000000000 00000162767a6390 

Instructions: (pc=0x00007fff97386a17)
0x00007fff97386917:   8b 4d 58 e8 8d cf ff ff 48 8b 4d 60 e8 84 cf ff
0x00007fff97386927:   ff 48 8b 95 80 00 00 00 48 8b 8d 18 01 00 00 e8
0x00007fff97386937:   76 c4 ff ff 33 d2 33 c9 e8 cc e1 ff ff 90 48 89
0x00007fff97386947:   54 24 10 55 48 83 ec 20 48 8b ea 48 b8 00 00 00
0x00007fff97386957:   00 00 00 00 00 48 83 c4 20 5d c3 cc 40 55 48 8b
0x00007fff97386967:   ea 48 8b 01 33 c9 81 38 05 00 00 c0 0f 94 c1 8b
0x00007fff97386977:   c1 5d c3 cc 40 55 48 83 ec 20 48 8b ea 8a 4d 40
0x00007fff97386987:   48 83 c4 20 5d e9 73 d3 ff ff cc 40 55 48 83 ec
0x00007fff97386997:   20 48 8b ea 8a 4d 20 e8 61 d3 ff ff 90 48 83 c4
0x00007fff973869a7:   20 5d c3 cc 40 55 48 83 ec 20 48 8b ea 48 83 c4
0x00007fff973869b7:   20 5d e9 c2 d1 ff ff cc 40 55 48 83 ec 30 48 8b
0x00007fff973869c7:   ea 48 8b 01 8b 10 48 89 4c 24 28 89 54 24 20 4c
0x00007fff973869d7:   8d 0d 63 d6 ff ff 4c 8b 45 70 8b 55 68 48 8b 4d
0x00007fff973869e7:   60 e8 03 d1 ff ff 90 48 83 c4 30 5d c3 cc cc cc
0x00007fff973869f7:   cc cc cc cc cc cc cc cc cc 40 53 48 83 ec 20 48
0x00007fff97386a07:   8b 1d fb 2f 01 00 48 85 db 74 16 e8 89 8f ff ff
0x00007fff97386a17:   4c 8b 00 48 8b d3 48 8b c8 41 ff 90 b0 00 00 00
0x00007fff97386a27:   90 48 83 c4 20 5b c3 cc cc 40 53 48 83 ec 20 48
0x00007fff97386a37:   8b 1d 6b 31 01 00 48 85 db 74 57 b8 ff ff ff ff
0x00007fff97386a47:   f0 0f c1 43 10 83 f8 01 75 3d 48 85 db 74 38 48
0x00007fff97386a57:   8b 0b 48 85 c9 74 0d ff 15 44 08 00 00 48 c7 03
0x00007fff97386a67:   00 00 00 00 48 8b 4b 08 48 85 c9 74 0d e8 33 ce
0x00007fff97386a77:   ff ff 48 c7 43 08 00 00 00 00 ba 18 00 00 00 48
0x00007fff97386a87:   8b cb e8 1e ce ff ff 48 c7 05 0f 31 01 00 00 00
0x00007fff97386a97:   00 00 48 83 c4 20 5b c3 cc 40 53 48 83 ec 20 48
0x00007fff97386aa7:   8b 1d db 30 01 00 48 85 db 74 57 b8 ff ff ff ff
0x00007fff97386ab7:   f0 0f c1 43 10 83 f8 01 75 3d 48 85 db 74 38 48
0x00007fff97386ac7:   8b 0b 48 85 c9 74 0d ff 15 d4 07 00 00 48 c7 03
0x00007fff97386ad7:   00 00 00 00 48 8b 4b 08 48 85 c9 74 0d e8 c3 cd
0x00007fff97386ae7:   ff ff 48 c7 43 08 00 00 00 00 ba 18 00 00 00 48
0x00007fff97386af7:   8b cb e8 ae cd ff ff 48 c7 05 7f 30 01 00 00 00
0x00007fff97386b07:   00 00 48 83 c4 20 5b c3 cc 40 53 48 83 ec 20 48 


Stack slot to memory mapping:

stack at sp + 0 slots: 0x0 is null
stack at sp + 1 slots: 0x0000016200000000 points into unknown readable memory: 0x00010000cafedada | da da fe ca 00 00 01 00
stack at sp + 2 slots: 0x000001626577d8b0 points into unknown readable memory: 0x000001626577d0d0 | d0 d0 77 65 62 01 00 00
stack at sp + 3 slots: 0x00007fff97360000 glass.dll
stack at sp + 4 slots: 0x000001626579a708 points into unknown readable memory: 0x0000c4b8d17ce0f3 | f3 e0 7c d1 b8 c4 00 00
stack at sp + 5 slots: 0x00007fffc632bc75 ucrtbase.dll
stack at sp + 6 slots: 0x000001626579a700 points into unknown readable memory: 0xf3c0c4bb2e805932 | 32 59 80 2e bb c4 c0 f3
stack at sp + 7 slots: 0x0000016200000000 points into unknown readable memory: 0x00010000cafedada | da da fe ca 00 00 01 00

VM_Operation (0x00000038285f81c0): Exit, mode: safepoint, requested by thread 0x000001626582ec50


---------------  P R O C E S S  ---------------

Threads class SMR info:
_java_thread_list=0x0000016271bbc9e0, length=18, elements={
0x000001627889f7e0, 0x000001621f3e1db0, 0x000001621f3e3480, 0x000001621f3e9e40,
0x000001621f3ea4d0, 0x000001621f3eab60, 0x000001621f3e9120, 0x000001621f3fc9b0,
0x000001621f406110, 0x000001621f3ec5a0, 0x000001621f3eb1f0, 0x000001621f3e97b0,
0x000001621f3eb880, 0x000001621f3ebf10, 0x000001626582ec50, 0x000001626582b7d0,
0x000001626582d210, 0x000001626582e5c0
}

Java Threads: ( => current thread )
  0x000001627889f7e0 JavaThread "main"                              [_thread_blocked, id=103604, stack(0x0000003826a00000,0x0000003826b00000) (1024K)]
  0x000001621f3e1db0 JavaThread "Reference Handler"          daemon [_thread_blocked, id=102420, stack(0x0000003827200000,0x0000003827300000) (1024K)]
  0x000001621f3e3480 JavaThread "Finalizer"                  daemon [_thread_blocked, id=97816, stack(0x0000003827300000,0x0000003827400000) (1024K)]
  0x000001621f3e9e40 JavaThread "Signal Dispatcher"          daemon [_thread_blocked, id=102552, stack(0x0000003827400000,0x0000003827500000) (1024K)]
  0x000001621f3ea4d0 JavaThread "Attach Listener"            daemon [_thread_blocked, id=104284, stack(0x0000003827500000,0x0000003827600000) (1024K)]
  0x000001621f3eab60 JavaThread "Service Thread"             daemon [_thread_blocked, id=100636, stack(0x0000003827600000,0x0000003827700000) (1024K)]
  0x000001621f3e9120 JavaThread "Monitor Deflation Thread"   daemon [_thread_blocked, id=101732, stack(0x0000003827700000,0x0000003827800000) (1024K)]
  0x000001621f3fc9b0 JavaThread "C2 CompilerThread0"         daemon [_thread_blocked, id=103316, stack(0x0000003827800000,0x0000003827900000) (1024K)]
  0x000001621f406110 JavaThread "C1 CompilerThread0"         daemon [_thread_blocked, id=100196, stack(0x0000003827900000,0x0000003827a00000) (1024K)]
  0x000001621f3ec5a0 JavaThread "Notification Thread"        daemon [_thread_blocked, id=76256, stack(0x0000003827b00000,0x0000003827c00000) (1024K)]
  0x000001621f3eb1f0 JavaThread "Common-Cleaner"             daemon [_thread_blocked, id=96760, stack(0x0000003827c00000,0x0000003827d00000) (1024K)]
  0x000001621f3e97b0 JavaThread "JavaFX-Launcher"                   [_thread_blocked, id=104436, stack(0x0000003827d00000,0x0000003827e00000) (1024K)]
  0x000001621f3eb880 JavaThread "QuantumRenderer-0"          daemon [_thread_blocked, id=104108, stack(0x0000003828100000,0x0000003828200000) (1024K)]
  0x000001621f3ebf10 JavaThread "InvokeLaterDispatcher"      daemon [_thread_blocked, id=101572, stack(0x0000003828400000,0x0000003828500000) (1024K)]
  0x000001626582ec50 JavaThread "JavaFX Application Thread"         [_thread_blocked, id=82440, stack(0x0000003828500000,0x0000003828600000) (1024K)]
  0x000001626582b7d0 JavaThread "Thread-2"                   daemon [_thread_in_native, id=92332, stack(0x0000003828f00000,0x0000003829000000) (1024K)]
  0x000001626582d210 JavaThread "Prism Font Disposer"        daemon [_thread_blocked, id=102252, stack(0x0000003829e00000,0x0000003829f00000) (1024K)]
  0x000001626582e5c0 JavaThread "Cleaner-0"                  daemon [_thread_blocked, id=97372, stack(0x0000003829000000,0x0000003829100000) (1024K)]
Total: 18

Other Threads:
=>0x000001627d445b90 VMThread "VM Thread"                           [id=103220, stack(0x0000003827100000,0x0000003827200000) (1024K)]
  0x0000016278943030 WorkerThread "GC Thread#0"                     [id=98484, stack(0x0000003826b00000,0x0000003826c00000) (1024K)]
  0x0000016265b876b0 WorkerThread "GC Thread#1"                     [id=98720, stack(0x0000003829200000,0x0000003829300000) (1024K)]
  0x0000016265b54440 WorkerThread "GC Thread#2"                     [id=103728, stack(0x0000003829300000,0x0000003829400000) (1024K)]
  0x0000016265b547f0 WorkerThread "GC Thread#3"                     [id=57484, stack(0x0000003829400000,0x0000003829500000) (1024K)]
  0x0000016265aa1aa0 WorkerThread "GC Thread#4"                     [id=98500, stack(0x0000003829500000,0x0000003829600000) (1024K)]
  0x0000016265aa1e50 WorkerThread "GC Thread#5"                     [id=103692, stack(0x0000003829600000,0x0000003829700000) (1024K)]
  0x0000016265aa2200 WorkerThread "GC Thread#6"                     [id=102772, stack(0x0000003829700000,0x0000003829800000) (1024K)]
  0x0000016265b42bb0 WorkerThread "GC Thread#7"                     [id=56932, stack(0x0000003829800000,0x0000003829900000) (1024K)]
  0x0000016265c188a0 WorkerThread "GC Thread#8"                     [id=93860, stack(0x0000003829900000,0x0000003829a00000) (1024K)]
  0x0000016265c18c50 WorkerThread "GC Thread#9"                     [id=102208, stack(0x0000003829a00000,0x0000003829b00000) (1024K)]
  0x0000016265c19000 WorkerThread "GC Thread#10"                    [id=104288, stack(0x0000003829b00000,0x0000003829c00000) (1024K)]
  0x0000016265c193b0 WorkerThread "GC Thread#11"                    [id=102388, stack(0x0000003829c00000,0x0000003829d00000) (1024K)]
  0x00000162660e9470 WorkerThread "GC Thread#12"                    [id=98824, stack(0x000000382a800000,0x000000382a900000) (1024K)]
  0x0000016278957900 ConcurrentGCThread "G1 Main Marker"            terminated
  0x0000016278959240 WorkerThread "G1 Conc#0"                       [id=102904, stack(0x0000003826d00000,0x0000003826e00000) (1024K)]
  0x000001627d2ffc60 ConcurrentGCThread "G1 Refine#0"               terminated
  0x000001627d3014a0 ConcurrentGCThread "G1 Service"                terminated
Total: 18

Threads with active compile tasks:
Total: 0

VM state: at safepoint (shutting down)

VM Mutex/Monitor currently owned by a thread:  ([mutex/lock_event])
[0x00007ffed7d24888] Threads_lock - owner thread: 0x000001627d445b90
[0x00007ffed7d24988] Heap_lock - owner thread: 0x000001626582ec50

Heap address: 0x000000060a800000, size: 8024 MB, Compressed Oops mode: Zero based, Oop shift amount: 3

CDS archive(s) mapped at: [0x0000016220000000-0x0000016220d70000-0x0000016220d70000), size 14090240, SharedBaseAddress: 0x0000016220000000, ArchiveRelocationMode: 1.
Compressed class space mapped at: 0x0000016221000000-0x0000016261000000, reserved size: 1073741824
Narrow klass base: 0x0000016220000000, Narrow klass shift: 0, Narrow klass range: 0x41000000

GC Precious Log:
 CardTable entry size: 512
 Card Set container configuration: InlinePtr #cards 4 size 8 Array Of Cards #cards 32 size 80 Howl #buckets 8 coarsen threshold 7372 Howl Bitmap #cards 1024 size 144 coarsen threshold 921 Card regions per heap region 1 cards per card region 8192
 CPUs: 16 total, 16 available
 Memory: 32090M
 Large Page Support: Disabled
 NUMA Support: Disabled
 Compressed Oops: Enabled (Zero based)
 Heap Region Size: 4M
 Heap Min Capacity: 8M
 Heap Initial Capacity: 504M
 Heap Max Capacity: 8024M
 Pre-touch: Disabled
 Parallel Workers: 13
 Concurrent Workers: 3
 Concurrent Refinement Workers: 13
 Periodic GC: Disabled

Heap:
 garbage-first heap   total reserved 8216576K, committed 516096K, used 65807K [0x000000060a800000, 0x0000000800000000)
  region size 4096K, 15 young (61440K), 2 survivors (8192K)
 Metaspace       used 18553K, committed 18944K, reserved 1114112K
  class space    used 2633K, committed 2816K, reserved 1048576K

Heap Regions: E=young(eden), S=young(survivor), O=old, HS=humongous(starts), HC=humongous(continues), CS=collection set, F=free, TAMS=top-at-mark-start, PB=parsable bottom
|   0|0x000000060a800000, 0x000000060ac00000, 0x000000060ac00000|100%| O|  |TAMS 0x000000060a800000| PB 0x000000060a800000| Untracked |  0
|   1|0x000000060ac00000, 0x000000060b000000, 0x000000060b000000|100%| O|  |TAMS 0x000000060ac00000| PB 0x000000060ac00000| Untracked |  0
|   2|0x000000060b000000, 0x000000060b043f80, 0x000000060b400000|  6%| O|  |TAMS 0x000000060b000000| PB 0x000000060b000000| Untracked |  0
|   3|0x000000060b400000, 0x000000060b400000, 0x000000060b800000|  0%| F|  |TAMS 0x000000060b400000| PB 0x000000060b400000| Untracked |  0
|   4|0x000000060b800000, 0x000000060b800000, 0x000000060bc00000|  0%| F|  |TAMS 0x000000060b800000| PB 0x000000060b800000| Untracked |  0
|   5|0x000000060bc00000, 0x000000060bc00000, 0x000000060c000000|  0%| F|  |TAMS 0x000000060bc00000| PB 0x000000060bc00000| Untracked |  0
|   6|0x000000060c000000, 0x000000060c000000, 0x000000060c400000|  0%| F|  |TAMS 0x000000060c000000| PB 0x000000060c000000| Untracked |  0
|   7|0x000000060c400000, 0x000000060c400000, 0x000000060c800000|  0%| F|  |TAMS 0x000000060c400000| PB 0x000000060c400000| Untracked |  0
|   8|0x000000060c800000, 0x000000060c800000, 0x000000060cc00000|  0%| F|  |TAMS 0x000000060c800000| PB 0x000000060c800000| Untracked |  0
|   9|0x000000060cc00000, 0x000000060cc00000, 0x000000060d000000|  0%| F|  |TAMS 0x000000060cc00000| PB 0x000000060cc00000| Untracked |  0
|  10|0x000000060d000000, 0x000000060d000000, 0x000000060d400000|  0%| F|  |TAMS 0x000000060d000000| PB 0x000000060d000000| Untracked |  0
|  11|0x000000060d400000, 0x000000060d400000, 0x000000060d800000|  0%| F|  |TAMS 0x000000060d400000| PB 0x000000060d400000| Untracked |  0
|  12|0x000000060d800000, 0x000000060d800000, 0x000000060dc00000|  0%| F|  |TAMS 0x000000060d800000| PB 0x000000060d800000| Untracked |  0
|  13|0x000000060dc00000, 0x000000060dc00000, 0x000000060e000000|  0%| F|  |TAMS 0x000000060dc00000| PB 0x000000060dc00000| Untracked |  0
|  14|0x000000060e000000, 0x000000060e000000, 0x000000060e400000|  0%| F|  |TAMS 0x000000060e000000| PB 0x000000060e000000| Untracked |  0
|  15|0x000000060e400000, 0x000000060e400000, 0x000000060e800000|  0%| F|  |TAMS 0x000000060e400000| PB 0x000000060e400000| Untracked |  0
|  16|0x000000060e800000, 0x000000060e800000, 0x000000060ec00000|  0%| F|  |TAMS 0x000000060e800000| PB 0x000000060e800000| Untracked |  0
|  17|0x000000060ec00000, 0x000000060ec00000, 0x000000060f000000|  0%| F|  |TAMS 0x000000060ec00000| PB 0x000000060ec00000| Untracked |  0
|  18|0x000000060f000000, 0x000000060f000000, 0x000000060f400000|  0%| F|  |TAMS 0x000000060f000000| PB 0x000000060f000000| Untracked |  0
|  19|0x000000060f400000, 0x000000060f400000, 0x000000060f800000|  0%| F|  |TAMS 0x000000060f400000| PB 0x000000060f400000| Untracked |  0
|  20|0x000000060f800000, 0x000000060f800000, 0x000000060fc00000|  0%| F|  |TAMS 0x000000060f800000| PB 0x000000060f800000| Untracked |  0
|  21|0x000000060fc00000, 0x000000060fc00000, 0x0000000610000000|  0%| F|  |TAMS 0x000000060fc00000| PB 0x000000060fc00000| Untracked |  0
|  22|0x0000000610000000, 0x0000000610000000, 0x0000000610400000|  0%| F|  |TAMS 0x0000000610000000| PB 0x0000000610000000| Untracked |  0
|  23|0x0000000610400000, 0x0000000610400000, 0x0000000610800000|  0%| F|  |TAMS 0x0000000610400000| PB 0x0000000610400000| Untracked |  0
|  24|0x0000000610800000, 0x0000000610800000, 0x0000000610c00000|  0%| F|  |TAMS 0x0000000610800000| PB 0x0000000610800000| Untracked |  0
|  25|0x0000000610c00000, 0x0000000610c00000, 0x0000000611000000|  0%| F|  |TAMS 0x0000000610c00000| PB 0x0000000610c00000| Untracked |  0
|  26|0x0000000611000000, 0x0000000611000000, 0x0000000611400000|  0%| F|  |TAMS 0x0000000611000000| PB 0x0000000611000000| Untracked |  0
|  27|0x0000000611400000, 0x0000000611400000, 0x0000000611800000|  0%| F|  |TAMS 0x0000000611400000| PB 0x0000000611400000| Untracked |  0
|  28|0x0000000611800000, 0x0000000611800000, 0x0000000611c00000|  0%| F|  |TAMS 0x0000000611800000| PB 0x0000000611800000| Untracked |  0
|  29|0x0000000611c00000, 0x0000000611c00000, 0x0000000612000000|  0%| F|  |TAMS 0x0000000611c00000| PB 0x0000000611c00000| Untracked |  0
|  30|0x0000000612000000, 0x0000000612000000, 0x0000000612400000|  0%| F|  |TAMS 0x0000000612000000| PB 0x0000000612000000| Untracked |  0
|  31|0x0000000612400000, 0x0000000612400000, 0x0000000612800000|  0%| F|  |TAMS 0x0000000612400000| PB 0x0000000612400000| Untracked |  0
|  32|0x0000000612800000, 0x0000000612800000, 0x0000000612c00000|  0%| F|  |TAMS 0x0000000612800000| PB 0x0000000612800000| Untracked |  0
|  33|0x0000000612c00000, 0x0000000612c00000, 0x0000000613000000|  0%| F|  |TAMS 0x0000000612c00000| PB 0x0000000612c00000| Untracked |  0
|  34|0x0000000613000000, 0x0000000613000000, 0x0000000613400000|  0%| F|  |TAMS 0x0000000613000000| PB 0x0000000613000000| Untracked |  0
|  35|0x0000000613400000, 0x0000000613400000, 0x0000000613800000|  0%| F|  |TAMS 0x0000000613400000| PB 0x0000000613400000| Untracked |  0
|  36|0x0000000613800000, 0x0000000613800000, 0x0000000613c00000|  0%| F|  |TAMS 0x0000000613800000| PB 0x0000000613800000| Untracked |  0
|  37|0x0000000613c00000, 0x0000000613c00000, 0x0000000614000000|  0%| F|  |TAMS 0x0000000613c00000| PB 0x0000000613c00000| Untracked |  0
|  38|0x0000000614000000, 0x0000000614000000, 0x0000000614400000|  0%| F|  |TAMS 0x0000000614000000| PB 0x0000000614000000| Untracked |  0
|  39|0x0000000614400000, 0x0000000614400000, 0x0000000614800000|  0%| F|  |TAMS 0x0000000614400000| PB 0x0000000614400000| Untracked |  0
|  40|0x0000000614800000, 0x0000000614800000, 0x0000000614c00000|  0%| F|  |TAMS 0x0000000614800000| PB 0x0000000614800000| Untracked |  0
|  41|0x0000000614c00000, 0x0000000614c00000, 0x0000000615000000|  0%| F|  |TAMS 0x0000000614c00000| PB 0x0000000614c00000| Untracked |  0
|  42|0x0000000615000000, 0x0000000615000000, 0x0000000615400000|  0%| F|  |TAMS 0x0000000615000000| PB 0x0000000615000000| Untracked |  0
|  43|0x0000000615400000, 0x0000000615400000, 0x0000000615800000|  0%| F|  |TAMS 0x0000000615400000| PB 0x0000000615400000| Untracked |  0
|  44|0x0000000615800000, 0x0000000615800000, 0x0000000615c00000|  0%| F|  |TAMS 0x0000000615800000| PB 0x0000000615800000| Untracked |  0
|  45|0x0000000615c00000, 0x0000000615c00000, 0x0000000616000000|  0%| F|  |TAMS 0x0000000615c00000| PB 0x0000000615c00000| Untracked |  0
|  46|0x0000000616000000, 0x0000000616000000, 0x0000000616400000|  0%| F|  |TAMS 0x0000000616000000| PB 0x0000000616000000| Untracked |  0
|  47|0x0000000616400000, 0x0000000616400000, 0x0000000616800000|  0%| F|  |TAMS 0x0000000616400000| PB 0x0000000616400000| Untracked |  0
|  48|0x0000000616800000, 0x0000000616800000, 0x0000000616c00000|  0%| F|  |TAMS 0x0000000616800000| PB 0x0000000616800000| Untracked |  0
|  49|0x0000000616c00000, 0x0000000616c00000, 0x0000000617000000|  0%| F|  |TAMS 0x0000000616c00000| PB 0x0000000616c00000| Untracked |  0
|  50|0x0000000617000000, 0x0000000617000000, 0x0000000617400000|  0%| F|  |TAMS 0x0000000617000000| PB 0x0000000617000000| Untracked |  0
|  51|0x0000000617400000, 0x0000000617400000, 0x0000000617800000|  0%| F|  |TAMS 0x0000000617400000| PB 0x0000000617400000| Untracked |  0
|  52|0x0000000617800000, 0x0000000617800000, 0x0000000617c00000|  0%| F|  |TAMS 0x0000000617800000| PB 0x0000000617800000| Untracked |  0
|  53|0x0000000617c00000, 0x0000000617c00000, 0x0000000618000000|  0%| F|  |TAMS 0x0000000617c00000| PB 0x0000000617c00000| Untracked |  0
|  54|0x0000000618000000, 0x0000000618000000, 0x0000000618400000|  0%| F|  |TAMS 0x0000000618000000| PB 0x0000000618000000| Untracked |  0
|  55|0x0000000618400000, 0x0000000618400000, 0x0000000618800000|  0%| F|  |TAMS 0x0000000618400000| PB 0x0000000618400000| Untracked |  0
|  56|0x0000000618800000, 0x0000000618800000, 0x0000000618c00000|  0%| F|  |TAMS 0x0000000618800000| PB 0x0000000618800000| Untracked |  0
|  57|0x0000000618c00000, 0x0000000618c00000, 0x0000000619000000|  0%| F|  |TAMS 0x0000000618c00000| PB 0x0000000618c00000| Untracked |  0
|  58|0x0000000619000000, 0x0000000619000000, 0x0000000619400000|  0%| F|  |TAMS 0x0000000619000000| PB 0x0000000619000000| Untracked |  0
|  59|0x0000000619400000, 0x0000000619400000, 0x0000000619800000|  0%| F|  |TAMS 0x0000000619400000| PB 0x0000000619400000| Untracked |  0
|  60|0x0000000619800000, 0x0000000619800000, 0x0000000619c00000|  0%| F|  |TAMS 0x0000000619800000| PB 0x0000000619800000| Untracked |  0
|  61|0x0000000619c00000, 0x0000000619c00000, 0x000000061a000000|  0%| F|  |TAMS 0x0000000619c00000| PB 0x0000000619c00000| Untracked |  0
|  62|0x000000061a000000, 0x000000061a000000, 0x000000061a400000|  0%| F|  |TAMS 0x000000061a000000| PB 0x000000061a000000| Untracked |  0
|  63|0x000000061a400000, 0x000000061a400000, 0x000000061a800000|  0%| F|  |TAMS 0x000000061a400000| PB 0x000000061a400000| Untracked |  0
|  64|0x000000061a800000, 0x000000061a800000, 0x000000061ac00000|  0%| F|  |TAMS 0x000000061a800000| PB 0x000000061a800000| Untracked |  0
|  65|0x000000061ac00000, 0x000000061ac00000, 0x000000061b000000|  0%| F|  |TAMS 0x000000061ac00000| PB 0x000000061ac00000| Untracked |  0
|  66|0x000000061b000000, 0x000000061b000000, 0x000000061b400000|  0%| F|  |TAMS 0x000000061b000000| PB 0x000000061b000000| Untracked |  0
|  67|0x000000061b400000, 0x000000061b400000, 0x000000061b800000|  0%| F|  |TAMS 0x000000061b400000| PB 0x000000061b400000| Untracked |  0
|  68|0x000000061b800000, 0x000000061b800000, 0x000000061bc00000|  0%| F|  |TAMS 0x000000061b800000| PB 0x000000061b800000| Untracked |  0
|  69|0x000000061bc00000, 0x000000061bc00000, 0x000000061c000000|  0%| F|  |TAMS 0x000000061bc00000| PB 0x000000061bc00000| Untracked |  0
|  70|0x000000061c000000, 0x000000061c000000, 0x000000061c400000|  0%| F|  |TAMS 0x000000061c000000| PB 0x000000061c000000| Untracked |  0
|  71|0x000000061c400000, 0x000000061c400000, 0x000000061c800000|  0%| F|  |TAMS 0x000000061c400000| PB 0x000000061c400000| Untracked |  0
|  72|0x000000061c800000, 0x000000061c800000, 0x000000061cc00000|  0%| F|  |TAMS 0x000000061c800000| PB 0x000000061c800000| Untracked |  0
|  73|0x000000061cc00000, 0x000000061cc00000, 0x000000061d000000|  0%| F|  |TAMS 0x000000061cc00000| PB 0x000000061cc00000| Untracked |  0
|  74|0x000000061d000000, 0x000000061d000000, 0x000000061d400000|  0%| F|  |TAMS 0x000000061d000000| PB 0x000000061d000000| Untracked |  0
|  75|0x000000061d400000, 0x000000061d400000, 0x000000061d800000|  0%| F|  |TAMS 0x000000061d400000| PB 0x000000061d400000| Untracked |  0
|  76|0x000000061d800000, 0x000000061d800000, 0x000000061dc00000|  0%| F|  |TAMS 0x000000061d800000| PB 0x000000061d800000| Untracked |  0
|  77|0x000000061dc00000, 0x000000061dc00000, 0x000000061e000000|  0%| F|  |TAMS 0x000000061dc00000| PB 0x000000061dc00000| Untracked |  0
|  78|0x000000061e000000, 0x000000061e000000, 0x000000061e400000|  0%| F|  |TAMS 0x000000061e000000| PB 0x000000061e000000| Untracked |  0
|  79|0x000000061e400000, 0x000000061e400000, 0x000000061e800000|  0%| F|  |TAMS 0x000000061e400000| PB 0x000000061e400000| Untracked |  0
|  80|0x000000061e800000, 0x000000061e800000, 0x000000061ec00000|  0%| F|  |TAMS 0x000000061e800000| PB 0x000000061e800000| Untracked |  0
|  81|0x000000061ec00000, 0x000000061ec00000, 0x000000061f000000|  0%| F|  |TAMS 0x000000061ec00000| PB 0x000000061ec00000| Untracked |  0
|  82|0x000000061f000000, 0x000000061f000000, 0x000000061f400000|  0%| F|  |TAMS 0x000000061f000000| PB 0x000000061f000000| Untracked |  0
|  83|0x000000061f400000, 0x000000061f400000, 0x000000061f800000|  0%| F|  |TAMS 0x000000061f400000| PB 0x000000061f400000| Untracked |  0
|  84|0x000000061f800000, 0x000000061f800000, 0x000000061fc00000|  0%| F|  |TAMS 0x000000061f800000| PB 0x000000061f800000| Untracked |  0
|  85|0x000000061fc00000, 0x000000061fc00000, 0x0000000620000000|  0%| F|  |TAMS 0x000000061fc00000| PB 0x000000061fc00000| Untracked |  0
|  86|0x0000000620000000, 0x0000000620000000, 0x0000000620400000|  0%| F|  |TAMS 0x0000000620000000| PB 0x0000000620000000| Untracked |  0
|  87|0x0000000620400000, 0x0000000620400000, 0x0000000620800000|  0%| F|  |TAMS 0x0000000620400000| PB 0x0000000620400000| Untracked |  0
|  88|0x0000000620800000, 0x0000000620800000, 0x0000000620c00000|  0%| F|  |TAMS 0x0000000620800000| PB 0x0000000620800000| Untracked |  0
|  89|0x0000000620c00000, 0x0000000620c00000, 0x0000000621000000|  0%| F|  |TAMS 0x0000000620c00000| PB 0x0000000620c00000| Untracked |  0
|  90|0x0000000621000000, 0x0000000621000000, 0x0000000621400000|  0%| F|  |TAMS 0x0000000621000000| PB 0x0000000621000000| Untracked |  0
|  91|0x0000000621400000, 0x0000000621400000, 0x0000000621800000|  0%| F|  |TAMS 0x0000000621400000| PB 0x0000000621400000| Untracked |  0
|  92|0x0000000621800000, 0x0000000621800000, 0x0000000621c00000|  0%| F|  |TAMS 0x0000000621800000| PB 0x0000000621800000| Untracked |  0
|  93|0x0000000621c00000, 0x0000000621c00000, 0x0000000622000000|  0%| F|  |TAMS 0x0000000621c00000| PB 0x0000000621c00000| Untracked |  0
|  94|0x0000000622000000, 0x0000000622000000, 0x0000000622400000|  0%| F|  |TAMS 0x0000000622000000| PB 0x0000000622000000| Untracked |  0
|  95|0x0000000622400000, 0x0000000622400000, 0x0000000622800000|  0%| F|  |TAMS 0x0000000622400000| PB 0x0000000622400000| Untracked |  0
|  96|0x0000000622800000, 0x0000000622800000, 0x0000000622c00000|  0%| F|  |TAMS 0x0000000622800000| PB 0x0000000622800000| Untracked |  0
|  97|0x0000000622c00000, 0x0000000622c00000, 0x0000000623000000|  0%| F|  |TAMS 0x0000000622c00000| PB 0x0000000622c00000| Untracked |  0
|  98|0x0000000623000000, 0x0000000623000000, 0x0000000623400000|  0%| F|  |TAMS 0x0000000623000000| PB 0x0000000623000000| Untracked |  0
|  99|0x0000000623400000, 0x0000000623400000, 0x0000000623800000|  0%| F|  |TAMS 0x0000000623400000| PB 0x0000000623400000| Untracked |  0
| 100|0x0000000623800000, 0x0000000623800000, 0x0000000623c00000|  0%| F|  |TAMS 0x0000000623800000| PB 0x0000000623800000| Untracked |  0
| 101|0x0000000623c00000, 0x0000000623c00000, 0x0000000624000000|  0%| F|  |TAMS 0x0000000623c00000| PB 0x0000000623c00000| Untracked |  0
| 102|0x0000000624000000, 0x0000000624000000, 0x0000000624400000|  0%| F|  |TAMS 0x0000000624000000| PB 0x0000000624000000| Untracked |  0
| 103|0x0000000624400000, 0x0000000624400000, 0x0000000624800000|  0%| F|  |TAMS 0x0000000624400000| PB 0x0000000624400000| Untracked |  0
| 104|0x0000000624800000, 0x0000000624800000, 0x0000000624c00000|  0%| F|  |TAMS 0x0000000624800000| PB 0x0000000624800000| Untracked |  0
| 105|0x0000000624c00000, 0x0000000624c00000, 0x0000000625000000|  0%| F|  |TAMS 0x0000000624c00000| PB 0x0000000624c00000| Untracked |  0
| 106|0x0000000625000000, 0x0000000625000000, 0x0000000625400000|  0%| F|  |TAMS 0x0000000625000000| PB 0x0000000625000000| Untracked |  0
| 107|0x0000000625400000, 0x0000000625400000, 0x0000000625800000|  0%| F|  |TAMS 0x0000000625400000| PB 0x0000000625400000| Untracked |  0
| 108|0x0000000625800000, 0x0000000625800000, 0x0000000625c00000|  0%| F|  |TAMS 0x0000000625800000| PB 0x0000000625800000| Untracked |  0
| 109|0x0000000625c00000, 0x0000000625c00000, 0x0000000626000000|  0%| F|  |TAMS 0x0000000625c00000| PB 0x0000000625c00000| Untracked |  0
| 110|0x0000000626000000, 0x0000000626000000, 0x0000000626400000|  0%| F|  |TAMS 0x0000000626000000| PB 0x0000000626000000| Untracked |  0
| 111|0x0000000626400000, 0x0000000626800000, 0x0000000626800000|100%| S|CS|TAMS 0x0000000626400000| PB 0x0000000626400000| Complete |  0
| 112|0x0000000626800000, 0x0000000626c00000, 0x0000000626c00000|100%| S|CS|TAMS 0x0000000626800000| PB 0x0000000626800000| Complete |  0
| 113|0x0000000626c00000, 0x0000000626e3b378, 0x0000000627000000| 55%| E|  |TAMS 0x0000000626c00000| PB 0x0000000626c00000| Complete |  0
| 114|0x0000000627000000, 0x0000000627400000, 0x0000000627400000|100%| E|CS|TAMS 0x0000000627000000| PB 0x0000000627000000| Complete |  0
| 115|0x0000000627400000, 0x0000000627800000, 0x0000000627800000|100%| E|CS|TAMS 0x0000000627400000| PB 0x0000000627400000| Complete |  0
| 116|0x0000000627800000, 0x0000000627c00000, 0x0000000627c00000|100%| E|CS|TAMS 0x0000000627800000| PB 0x0000000627800000| Complete |  0
| 117|0x0000000627c00000, 0x0000000628000000, 0x0000000628000000|100%| E|CS|TAMS 0x0000000627c00000| PB 0x0000000627c00000| Complete |  0
| 118|0x0000000628000000, 0x0000000628400000, 0x0000000628400000|100%| E|CS|TAMS 0x0000000628000000| PB 0x0000000628000000| Complete |  0
| 119|0x0000000628400000, 0x0000000628800000, 0x0000000628800000|100%| E|CS|TAMS 0x0000000628400000| PB 0x0000000628400000| Complete |  0
| 120|0x0000000628800000, 0x0000000628c00000, 0x0000000628c00000|100%| E|CS|TAMS 0x0000000628800000| PB 0x0000000628800000| Complete |  0
| 121|0x0000000628c00000, 0x0000000629000000, 0x0000000629000000|100%| E|CS|TAMS 0x0000000628c00000| PB 0x0000000628c00000| Complete |  0
| 122|0x0000000629000000, 0x0000000629400000, 0x0000000629400000|100%| E|CS|TAMS 0x0000000629000000| PB 0x0000000629000000| Complete |  0
| 123|0x0000000629400000, 0x0000000629800000, 0x0000000629800000|100%| E|CS|TAMS 0x0000000629400000| PB 0x0000000629400000| Complete |  0
| 124|0x0000000629800000, 0x0000000629c00000, 0x0000000629c00000|100%| E|CS|TAMS 0x0000000629800000| PB 0x0000000629800000| Complete |  0
| 125|0x0000000629c00000, 0x000000062a000000, 0x000000062a000000|100%| E|CS|TAMS 0x0000000629c00000| PB 0x0000000629c00000| Complete |  0

Card table byte_map: [0x000001627a190000,0x000001627b140000] _byte_map_base: 0x000001627713c000

Marking Bits: (CMBitMap*) 0x0000016278943650
 Bits: [0x0000016217670000, 0x000001621f3d0000)

Polling page: 0x0000016276640000

Metaspace:

Usage:
  Non-class:     15.55 MB used.
      Class:      2.57 MB used.
       Both:     18.12 MB used.

Virtual space:
  Non-class space:       64.00 MB reserved,      15.75 MB ( 25%) committed,  1 nodes.
      Class space:        1.00 GB reserved,       2.75 MB ( <1%) committed,  1 nodes.
             Both:        1.06 GB reserved,      18.50 MB (  2%) committed. 

Chunk freelists:
   Non-Class:  48.00 KB
       Class:  13.29 MB
        Both:  13.33 MB

MaxMetaspaceSize: unlimited
CompressedClassSpaceSize: 1.00 GB
Initial GC threshold: 21.00 MB
Current GC threshold: 21.00 MB
CDS: on
 - commit_granule_bytes: 65536.
 - commit_granule_words: 8192.
 - virtual_space_node_default_size: 8388608.
 - enlarge_chunks_in_place: 1.
 - use_allocation_guard: 0.


Internal statistics:

num_allocs_failed_limit: 0.
num_arena_births: 388.
num_arena_deaths: 0.
num_vsnodes_births: 2.
num_vsnodes_deaths: 0.
num_space_committed: 296.
num_space_uncommitted: 0.
num_chunks_returned_to_freelist: 0.
num_chunks_taken_from_freelist: 1008.
num_chunk_merges: 0.
num_chunk_splits: 679.
num_chunks_enlarged: 491.
num_inconsistent_stats: 0.

CodeHeap 'non-profiled nmethods': size=119232Kb used=2685Kb max_used=2685Kb free=116546Kb
 bounds [0x0000016210200000, 0x00000162104a0000, 0x0000016217670000]
CodeHeap 'profiled nmethods': size=119104Kb used=8852Kb max_used=8852Kb free=110251Kb
 bounds [0x0000016208670000, 0x0000016208f20000, 0x000001620fac0000]
CodeHeap 'non-nmethods': size=7424Kb used=1811Kb max_used=3577Kb free=5612Kb
 bounds [0x000001620fac0000, 0x000001620fe60000, 0x0000016210200000]
CodeCache: size=245760Kb, used=13348Kb, max_used=15114Kb, free=232409Kb
 total_blobs=6143, nmethods=5295, adapters=751, full_count=0
Compilation: enabled, stopped_count=0, restarted_count=0

Compilation events (20 events):
Event: 22.875 Thread 0x000001626ba331a0 5385       3       java.util.AbstractList$SubList::checkForComodification (23 bytes)
Event: 22.875 Thread 0x000001621f406110 5386       3       java.util.AbstractList$SubList::rangeCheckForAdd (26 bytes)
Event: 22.876 Thread 0x000001626ba331a0 nmethod 5385 0x0000016208f12f08 code [0x0000016208f13040, 0x0000016208f13268]
Event: 22.876 Thread 0x000001626ba331a0 5387       3       java.util.AbstractList$SubList$1::<init> (41 bytes)
Event: 22.876 Thread 0x000001621f406110 nmethod 5386 0x0000016208f13288 code [0x0000016208f13480, 0x0000016208f13d08]
Event: 22.876 Thread 0x000001626ba331a0 nmethod 5387 0x0000016208f13d88 code [0x0000016208f13ec0, 0x0000016208f141d8]
Event: 22.876 Thread 0x000001626ba331a0 5388       3       com.sun.javafx.util.Logging::getInputLogger (18 bytes)
Event: 22.877 Thread 0x000001626ba331a0 nmethod 5388 0x0000016208f14208 code [0x0000016208f14340, 0x0000016208f14510]
Event: 23.403 Thread 0x000001626ba331a0 5389       3       javafx.animation.Animation::getCycleCount (19 bytes)
Event: 23.403 Thread 0x000001626ba331a0 nmethod 5389 0x0000016208f14588 code [0x0000016208f146c0, 0x0000016208f14a18]
Event: 23.665 Thread 0x000001626ba331a0 5390       3       javafx.animation.Animation::getCycleDuration (24 bytes)
Event: 23.666 Thread 0x000001626ba331a0 nmethod 5390 0x0000016208f14a88 code [0x0000016208f14bc0, 0x0000016208f14ec0]
Event: 25.284 Thread 0x000001626ba331a0 5391       3       java.util.ArrayDeque::removeFirst (19 bytes)
Event: 25.284 Thread 0x000001626ba331a0 nmethod 5391 0x0000016208f14f08 code [0x0000016208f15040, 0x0000016208f152a0]
Event: 25.327 Thread 0x000001621f3fc9b0 5392       4       javafx.scene.Node::localToScene (21 bytes)
Event: 25.339 Thread 0x000001621f3fc9b0 nmethod 5392 0x000001621049e908 code [0x000001621049eaa0, 0x000001621049efd0]
Event: 25.643 Thread 0x000001621f406110 5393       1       javafx.scene.Node$FocusPropertyBase::set (6 bytes)
Event: 25.643 Thread 0x000001621f406110 nmethod 5393 0x000001621049f088 code [0x000001621049f1a0, 0x000001621049f270]
Event: 25.788 Thread 0x000001621f406110 5394       1       java.util.logging.LogManager$LoggerContext::getOwner (5 bytes)
Event: 25.788 Thread 0x000001621f406110 nmethod 5394 0x000001621049f388 code [0x000001621049f4a0, 0x000001621049f570]

GC Heap History (6 events):
Event: 1.932 GC heap before
{Heap before GC invocations=0 (full 0):
 garbage-first heap   total reserved 8216576K, committed 516096K, used 24576K [0x000000060a800000, 0x0000000800000000)
  region size 4096K, 6 young (24576K), 0 survivors (0K)
 Metaspace       used 6559K, committed 6720K, reserved 1114112K
  class space    used 847K, committed 896K, reserved 1048576K
}
Event: 1.942 GC heap after
{Heap after GC invocations=1 (full 0):
 garbage-first heap   total reserved 8216576K, committed 516096K, used 4283K [0x000000060a800000, 0x0000000800000000)
  region size 4096K, 1 young (4096K), 1 survivors (4096K)
 Metaspace       used 6559K, committed 6720K, reserved 1114112K
  class space    used 847K, committed 896K, reserved 1048576K
}
Event: 3.714 GC heap before
{Heap before GC invocations=1 (full 0):
 garbage-first heap   total reserved 8216576K, committed 516096K, used 20667K [0x000000060a800000, 0x0000000800000000)
  region size 4096K, 6 young (24576K), 1 survivors (4096K)
 Metaspace       used 12685K, committed 12928K, reserved 1114112K
  class space    used 1911K, committed 1984K, reserved 1048576K
}
Event: 3.723 GC heap after
{Heap after GC invocations=2 (full 0):
 garbage-first heap   total reserved 8216576K, committed 516096K, used 7872K [0x000000060a800000, 0x0000000800000000)
  region size 4096K, 1 young (4096K), 1 survivors (4096K)
 Metaspace       used 12685K, committed 12928K, reserved 1114112K
  class space    used 1911K, committed 1984K, reserved 1048576K
}
Event: 13.271 GC heap before
{Heap before GC invocations=2 (full 0):
 garbage-first heap   total reserved 8216576K, committed 516096K, used 57024K [0x000000060a800000, 0x0000000800000000)
  region size 4096K, 13 young (53248K), 1 survivors (4096K)
 Metaspace       used 18371K, committed 18752K, reserved 1114112K
  class space    used 2630K, committed 2816K, reserved 1048576K
}
Event: 13.283 GC heap after
{Heap after GC invocations=3 (full 0):
 garbage-first heap   total reserved 8216576K, committed 516096K, used 16655K [0x000000060a800000, 0x0000000800000000)
  region size 4096K, 2 young (8192K), 2 survivors (8192K)
 Metaspace       used 18371K, committed 18752K, reserved 1114112K
  class space    used 2630K, committed 2816K, reserved 1048576K
}

Dll operation events (20 events):
Event: 0.902 Loaded shared library C:\Users\kylee\.openjfx\cache\21.0.6+3\amd64\api-ms-win-crt-heap-l1-1-0.dll
Event: 0.912 Loaded shared library C:\Users\kylee\.openjfx\cache\21.0.6+3\amd64\api-ms-win-crt-locale-l1-1-0.dll
Event: 0.923 Loaded shared library C:\Users\kylee\.openjfx\cache\21.0.6+3\amd64\api-ms-win-crt-math-l1-1-0.dll
Event: 0.932 Loaded shared library C:\Users\kylee\.openjfx\cache\21.0.6+3\amd64\api-ms-win-crt-multibyte-l1-1-0.dll
Event: 0.941 Loaded shared library C:\Users\kylee\.openjfx\cache\21.0.6+3\amd64\api-ms-win-crt-private-l1-1-0.dll
Event: 0.949 Loaded shared library C:\Users\kylee\.openjfx\cache\21.0.6+3\amd64\api-ms-win-crt-process-l1-1-0.dll
Event: 0.957 Loaded shared library C:\Users\kylee\.openjfx\cache\21.0.6+3\amd64\api-ms-win-crt-runtime-l1-1-0.dll
Event: 0.964 Loaded shared library C:\Users\kylee\.openjfx\cache\21.0.6+3\amd64\api-ms-win-crt-stdio-l1-1-0.dll
Event: 0.973 Loaded shared library C:\Users\kylee\.openjfx\cache\21.0.6+3\amd64\api-ms-win-crt-string-l1-1-0.dll
Event: 0.981 Loaded shared library C:\Users\kylee\.openjfx\cache\21.0.6+3\amd64\api-ms-win-crt-time-l1-1-0.dll
Event: 0.990 Loaded shared library C:\Users\kylee\.openjfx\cache\21.0.6+3\amd64\api-ms-win-crt-utility-l1-1-0.dll
Event: 1.028 Loaded shared library C:\Users\kylee\.openjfx\cache\21.0.6+3\amd64\ucrtbase.dll
Event: 1.040 Loaded shared library C:\Users\kylee\.openjfx\cache\21.0.6+3\amd64\vcruntime140.dll
Event: 1.049 Loaded shared library C:\Users\kylee\.openjfx\cache\21.0.6+3\amd64\vcruntime140_1.dll
Event: 1.067 Loaded shared library C:\Users\kylee\.openjfx\cache\21.0.6+3\amd64\msvcp140.dll
Event: 1.076 Loaded shared library C:\Users\kylee\.openjfx\cache\21.0.6+3\amd64\msvcp140_1.dll
Event: 1.088 Loaded shared library C:\Users\kylee\.openjfx\cache\21.0.6+3\amd64\msvcp140_2.dll
Event: 1.200 Loaded shared library C:\Users\kylee\.openjfx\cache\21.0.6+3\amd64\prism_d3d.dll
Event: 1.305 Loaded shared library C:\Users\kylee\.openjfx\cache\21.0.6+3\amd64\glass.dll
Event: 1.828 Loaded shared library C:\Users\kylee\.openjfx\cache\21.0.6+3\amd64\javafx_font.dll

Deoptimization events (20 events):
Event: 21.040 Thread 0x000001621f3eb880 Uncommon trap: trap_request=0xffffff45 fr.pc=0x000001621034ffe8 relative=0x0000000000002688
Event: 21.040 Thread 0x000001621f3eb880 Uncommon trap: reason=unstable_if action=reinterpret pc=0x000001621034ffe8 method=com.sun.marlin.Renderer._endRendering(IILcom/sun/marlin/MarlinAlphaConsumer;)V @ 2092 c2
Event: 21.040 Thread 0x000001621f3eb880 DEOPT PACKING pc=0x000001621034ffe8 sp=0x00000038281fd410
Event: 21.040 Thread 0x000001621f3eb880 DEOPT UNPACKING pc=0x000001620fb14402 sp=0x00000038281fd330 mode 2
Event: 21.040 Thread 0x000001621f3eb880 Uncommon trap: trap_request=0xffffff45 fr.pc=0x00000162103b595c relative=0x000000000000231c
Event: 21.040 Thread 0x000001621f3eb880 Uncommon trap: reason=unstable_if action=reinterpret pc=0x00000162103b595c method=com.sun.marlin.Renderer._endRendering(IILcom/sun/marlin/MarlinAlphaConsumer;)V @ 770 c2
Event: 21.041 Thread 0x000001621f3eb880 DEOPT PACKING pc=0x00000162103b595c sp=0x00000038281fd450
Event: 21.041 Thread 0x000001621f3eb880 DEOPT UNPACKING pc=0x000001620fb14402 sp=0x00000038281fd330 mode 2
Event: 21.041 Thread 0x000001621f3eb880 Uncommon trap: trap_request=0xffffff45 fr.pc=0x000001621042e290 relative=0x0000000000000250
Event: 21.041 Thread 0x000001621f3eb880 Uncommon trap: reason=unstable_if action=reinterpret pc=0x000001621042e290 method=com.sun.javafx.geom.RectBounds.sortMinMax()V @ 9 c2
Event: 21.041 Thread 0x000001621f3eb880 DEOPT PACKING pc=0x000001621042e290 sp=0x00000038281fd9b0
Event: 21.041 Thread 0x000001621f3eb880 DEOPT UNPACKING pc=0x000001620fb14402 sp=0x00000038281fd820 mode 2
Event: 25.788 Thread 0x0000016265832df0 Uncommon trap: trap_request=0xffffffcc fr.pc=0x0000016210467830 relative=0x00000000000001f0
Event: 25.788 Thread 0x0000016265832df0 Uncommon trap: reason=intrinsic_or_type_checked_inlining action=make_not_entrant pc=0x0000016210467830 method=java.util.Arrays.copyOf([Ljava/lang/Object;ILjava/lang/Class;)[Ljava/lang/Object; @ 35 c2
Event: 25.788 Thread 0x0000016265832df0 DEOPT PACKING pc=0x0000016210467830 sp=0x0000003827eff0e0
Event: 25.788 Thread 0x0000016265832df0 DEOPT UNPACKING pc=0x000001620fb14402 sp=0x0000003827eff088 mode 2
Event: 25.789 Thread 0x0000016265830690 Uncommon trap: trap_request=0xffffff45 fr.pc=0x00000162102a5fcc relative=0x000000000000012c
Event: 25.790 Thread 0x0000016265830690 Uncommon trap: reason=unstable_if action=reinterpret pc=0x00000162102a5fcc method=java.util.concurrent.locks.ReentrantLock$Sync.tryRelease(I)Z @ 26 c2
Event: 25.790 Thread 0x0000016265830690 DEOPT PACKING pc=0x00000162102a5fcc sp=0x0000003827ffef00
Event: 25.790 Thread 0x0000016265830690 DEOPT UNPACKING pc=0x000001620fb14402 sp=0x0000003827ffede0 mode 2

Classes loaded (20 events):
Event: 8.436 Loading class sun/reflect/generics/tree/MethodTypeSignature
Event: 8.436 Loading class sun/reflect/generics/tree/Signature
Event: 8.436 Loading class sun/reflect/generics/tree/Signature done
Event: 8.437 Loading class sun/reflect/generics/tree/MethodTypeSignature done
Event: 8.437 Loading class sun/reflect/generics/reflectiveObjects/ParameterizedTypeImpl
Event: 8.437 Loading class java/lang/reflect/ParameterizedType
Event: 8.437 Loading class java/lang/reflect/ParameterizedType done
Event: 8.437 Loading class sun/reflect/generics/reflectiveObjects/ParameterizedTypeImpl done
Event: 8.437 Loading class sun/reflect/generics/repository/ClassRepository
Event: 8.437 Loading class sun/reflect/generics/repository/ClassRepository done
Event: 8.437 Loading class sun/reflect/generics/tree/ClassSignature
Event: 8.437 Loading class sun/reflect/generics/tree/ClassSignature done
Event: 8.437 Loading class sun/reflect/generics/tree/TypeVariableSignature
Event: 8.437 Loading class sun/reflect/generics/tree/TypeVariableSignature done
Event: 8.438 Loading class sun/reflect/generics/reflectiveObjects/TypeVariableImpl
Event: 8.438 Loading class sun/reflect/generics/reflectiveObjects/LazyReflectiveObjectGenerator
Event: 8.438 Loading class sun/reflect/generics/reflectiveObjects/LazyReflectiveObjectGenerator done
Event: 8.438 Loading class sun/reflect/generics/reflectiveObjects/TypeVariableImpl done
Event: 10.071 Loading class java/lang/FdLibm$Acos
Event: 10.071 Loading class java/lang/FdLibm$Acos done

Classes unloaded (0 events):
No events

Classes redefined (0 events):
No events

Internal exceptions (20 events):
Event: 3.330 Thread 0x000001621f3eb880 Exception <a 'java/lang/NoSuchMethodError'{0x000000062939cfc8}: 'java.lang.Object java.lang.invoke.Invokers$Holder.invokeExact_MT(java.lang.Object, java.lang.Object, java.lang.Object, java.lang.Object, java.lang.Object)'> (0x000000062939cfc8) 
thrown [s\open\src\hotspot\share\interpreter\linkResolver.cpp, line 796]
Event: 3.512 Thread 0x000001621f3eb880 Exception <a 'java/lang/NoSuchMethodError'{0x0000000628f1adb0}: 'java.lang.Object java.lang.invoke.DirectMethodHandle$Holder.invokeStaticInit(java.lang.Object, int)'> (0x0000000628f1adb0) 
thrown [s\open\src\hotspot\share\interpreter\linkResolver.cpp, line 796]
Event: 4.518 Thread 0x000001626582ec50 Exception <a 'java/lang/NoSuchMethodError'{0x0000000629d26078}: 'java.lang.Object java.lang.invoke.DirectMethodHandle$Holder.newInvokeSpecial(java.lang.Object, java.lang.Object, int, int, int, int, int, java.lang.Object)'> (0x0000000629d26078) 
thrown [s\open\src\hotspot\share\interpreter\linkResolver.cpp, line 796]
Event: 4.521 Thread 0x000001626582ec50 Exception <a 'java/lang/NoSuchMethodError'{0x0000000629d7b248}: 'java.lang.Object java.lang.invoke.DirectMethodHandle$Holder.newInvokeSpecial(java.lang.Object, java.lang.Object, java.lang.Object, int, int, int, int, int)'> (0x0000000629d7b248) 
thrown [s\open\src\hotspot\share\interpreter\linkResolver.cpp, line 796]
Event: 4.522 Thread 0x000001626582ec50 Exception <a 'java/lang/NoSuchMethodError'{0x0000000629d82958}: 'java.lang.Object java.lang.invoke.Invokers$Holder.linkToTargetMethod(java.lang.Object, java.lang.Object, int, int, int, int, int, java.lang.Object)'> (0x0000000629d82958) 
thrown [s\open\src\hotspot\share\interpreter\linkResolver.cpp, line 796]
Event: 8.253 Thread 0x000001626582ec50 Exception <a 'java/lang/NoSuchMethodError'{0x0000000629906590}: 'void java.lang.invoke.DirectMethodHandle$Holder.invokeStatic(java.lang.Object, int, java.lang.Object)'> (0x0000000629906590) 
thrown [s\open\src\hotspot\share\interpreter\linkResolver.cpp, line 796]
Event: 8.303 Thread 0x000001626582ec50 Exception <a 'java/lang/NoSuchMethodError'{0x000000062998e9e0}: 'double java.lang.invoke.DelegatingMethodHandle$Holder.reinvoke_L(java.lang.Object, java.lang.Object, int)'> (0x000000062998e9e0) 
thrown [s\open\src\hotspot\share\interpreter\linkResolver.cpp, line 796]
Event: 8.304 Thread 0x000001626582ec50 Exception <a 'java/lang/NoSuchMethodError'{0x0000000629998b00}: 'java.lang.Object java.lang.invoke.DelegatingMethodHandle$Holder.reinvoke_L(java.lang.Object, double, double, double, double)'> (0x0000000629998b00) 
thrown [s\open\src\hotspot\share\interpreter\linkResolver.cpp, line 796]
Event: 8.308 Thread 0x000001626582ec50 Exception <a 'java/lang/NoSuchMethodError'{0x00000006299a7190}: 'java.lang.Object java.lang.invoke.DirectMethodHandle$Holder.invokeStatic(java.lang.Object, java.lang.Object, int)'> (0x00000006299a7190) 
thrown [s\open\src\hotspot\share\interpreter\linkResolver.cpp, line 796]
Event: 8.309 Thread 0x000001626582ec50 Exception <a 'java/lang/NoSuchMethodError'{0x00000006299aae40}: 'void java.lang.invoke.DirectMethodHandle$Holder.invokeStatic(java.lang.Object, java.lang.Object, int, java.lang.Object)'> (0x00000006299aae40) 
thrown [s\open\src\hotspot\share\interpreter\linkResolver.cpp, line 796]
Event: 8.310 Thread 0x000001626582ec50 Exception <a 'java/lang/NoSuchMethodError'{0x00000006299b19a0}: 'void java.lang.invoke.DelegatingMethodHandle$Holder.delegate(java.lang.Object, java.lang.Object, int, java.lang.Object)'> (0x00000006299b19a0) 
thrown [s\open\src\hotspot\share\interpreter\linkResolver.cpp, line 796]
Event: 8.370 Thread 0x000001626582ec50 Exception <a 'java/lang/NoSuchMethodError'{0x0000000629a9d430}: 'void java.lang.invoke.Invokers$Holder.invokeExact_MT(java.lang.Object, java.lang.Object, java.lang.Object, java.lang.Object)'> (0x0000000629a9d430) 
thrown [s\open\src\hotspot\share\interpreter\linkResolver.cpp, line 796]
Event: 8.371 Thread 0x000001626582ec50 Exception <a 'java/lang/NoSuchMethodError'{0x0000000629aa13d0}: 'void java.lang.invoke.DirectMethodHandle$Holder.invokeSpecial(java.lang.Object, java.lang.Object, double)'> (0x0000000629aa13d0) 
thrown [s\open\src\hotspot\share\interpreter\linkResolver.cpp, line 796]
Event: 8.372 Thread 0x000001626582ec50 Exception <a 'java/lang/NoSuchMethodError'{0x0000000629aa8428}: 'void java.lang.invoke.DelegatingMethodHandle$Holder.reinvoke_L(java.lang.Object, java.lang.Object, double)'> (0x0000000629aa8428) 
thrown [s\open\src\hotspot\share\interpreter\linkResolver.cpp, line 796]
Event: 9.698 Thread 0x000001626582ec50 Exception <a 'java/lang/NoSuchMethodError'{0x0000000627da05b0}: 'void java.lang.invoke.DirectMethodHandle$Holder.invokeSpecial(java.lang.Object, java.lang.Object, int, int)'> (0x0000000627da05b0) 
thrown [s\open\src\hotspot\share\interpreter\linkResolver.cpp, line 796]
Event: 9.705 Thread 0x000001626582ec50 Exception <a 'java/lang/NoSuchMethodError'{0x0000000627da64a0}: 'java.lang.Object java.lang.invoke.DirectMethodHandle$Holder.newInvokeSpecial(java.lang.Object, java.lang.Object, int, int)'> (0x0000000627da64a0) 
thrown [s\open\src\hotspot\share\interpreter\linkResolver.cpp, line 796]
Event: 9.708 Thread 0x000001626582ec50 Exception <a 'java/lang/NoSuchMethodError'{0x0000000627daa4f8}: 'java.lang.Object java.lang.invoke.DirectMethodHandle$Holder.invokeSpecial(java.lang.Object, java.lang.Object, java.lang.Object, int, int)'> (0x0000000627daa4f8) 
thrown [s\open\src\hotspot\share\interpreter\linkResolver.cpp, line 796]
Event: 18.558 Thread 0x000001626582ec50 Implicit null exception at 0x000001621044104f to 0x0000016210448e24
Event: 18.558 Thread 0x000001626582ec50 Implicit null exception at 0x00000162103e45d3 to 0x00000162103e8044
Event: 20.935 Thread 0x000001626582ec50 Implicit null exception at 0x00000162103a4cca to 0x00000162103a5570

VM Operations (20 events):
Event: 8.075 Executing VM operation: HandshakeAllThreads (Deoptimize) done
Event: 8.098 Executing VM operation: HandshakeAllThreads (Deoptimize)
Event: 8.098 Executing VM operation: HandshakeAllThreads (Deoptimize) done
Event: 8.300 Executing VM operation: HandshakeAllThreads (Deoptimize)
Event: 8.300 Executing VM operation: HandshakeAllThreads (Deoptimize) done
Event: 8.308 Executing VM operation: HandshakeAllThreads (Deoptimize)
Event: 8.308 Executing VM operation: HandshakeAllThreads (Deoptimize) done
Event: 8.402 Executing VM operation: HandshakeAllThreads (Deoptimize)
Event: 8.402 Executing VM operation: HandshakeAllThreads (Deoptimize) done
Event: 8.406 Executing VM operation: HandshakeAllThreads (Deoptimize)
Event: 8.406 Executing VM operation: HandshakeAllThreads (Deoptimize) done
Event: 9.182 Executing VM operation: HandshakeAllThreads (Deoptimize)
Event: 9.182 Executing VM operation: HandshakeAllThreads (Deoptimize) done
Event: 9.338 Executing VM operation: HandshakeAllThreads (Deoptimize)
Event: 9.338 Executing VM operation: HandshakeAllThreads (Deoptimize) done
Event: 9.340 Executing VM operation: HandshakeAllThreads (Deoptimize)
Event: 9.340 Executing VM operation: HandshakeAllThreads (Deoptimize) done
Event: 13.271 Executing VM operation: G1CollectForAllocation (G1 Evacuation Pause)
Event: 13.283 Executing VM operation: G1CollectForAllocation (G1 Evacuation Pause) done
Event: 25.791 Executing VM operation: Exit

Memory protections (0 events):
No events

Nmethod flushes (0 events):
No events

Events (20 events):
Event: 17.026 Thread 0x000001626ba34ce0 Thread exited: 0x000001626ba34ce0
Event: 17.524 Thread 0x000001626ba30f90 Thread exited: 0x000001626ba30f90
Event: 17.666 Thread 0x000001626ba33f40 Thread exited: 0x000001626ba33f40
Event: 17.875 Thread 0x000001621f3fc9b0 Thread added: 0x000001626ba31d30
Event: 17.905 Thread 0x000001626ba31d30 Thread added: 0x000001626ba33f40
Event: 17.918 Thread 0x000001621f3fc9b0 Thread added: 0x000001626ba30f90
Event: 17.957 Thread 0x000001621f406110 Thread added: 0x000001626ba353b0
Event: 18.371 Thread 0x000001626ba353b0 Thread exited: 0x000001626ba353b0
Event: 18.560 Thread 0x000001626ba30f90 Thread exited: 0x000001626ba30f90
Event: 18.560 Thread 0x000001626ba33f40 Thread exited: 0x000001626ba33f40
Event: 19.716 Thread 0x000001626ba31d30 Thread exited: 0x000001626ba31d30
Event: 19.716 Thread 0x000001626ba331a0 Thread exited: 0x000001626ba331a0
Event: 19.953 Thread 0x000001626ba32400 Thread exited: 0x000001626ba32400
Event: 20.939 Thread 0x000001621f406110 Thread added: 0x000001626ba331a0
Event: 25.787 Thread 0x000001626582ec50 Thread added: 0x0000016265832df0
Event: 25.787 Thread 0x000001626582ec50 Thread added: 0x0000016265830690
Event: 25.788 Thread 0x000001626ba331a0 Thread exited: 0x000001626ba331a0
Event: 25.788 Thread 0x0000016265832df0 Thread exited: 0x0000016265832df0
Event: 25.790 Thread 0x0000016265830690 Thread exited: 0x0000016265830690
Event: 25.790 Thread 0x000001626582ec50 Before exit entered


Dynamic libraries:
0x00007ff6a49a0000 - 0x00007ff6a49ae000 	C:\Users\kylee\.jdks\openjdk-23.0.2\bin\java.exe
0x00007fffc8ac0000 - 0x00007fffc8d26000 	C:\WINDOWS\SYSTEM32\ntdll.dll
0x00007fffc7600000 - 0x00007fffc76c9000 	C:\WINDOWS\System32\KERNEL32.DLL
0x00007fffc5c50000 - 0x00007fffc601c000 	C:\WINDOWS\System32\KERNELBASE.dll
0x00007fffc62e0000 - 0x00007fffc642b000 	C:\WINDOWS\System32\ucrtbase.dll
0x00007fffba920000 - 0x00007fffba93b000 	C:\Users\kylee\.jdks\openjdk-23.0.2\bin\VCRUNTIME140.dll
0x00007fffbb730000 - 0x00007fffbb747000 	C:\Users\kylee\.jdks\openjdk-23.0.2\bin\jli.dll
0x00007fffc6880000 - 0x00007fffc6a4a000 	C:\WINDOWS\System32\USER32.dll
0x00007fffc64d0000 - 0x00007fffc64f7000 	C:\WINDOWS\System32\win32u.dll
0x00007fffaeea0000 - 0x00007fffaf13a000 	C:\WINDOWS\WinSxS\amd64_microsoft.windows.common-controls_6595b64144ccf1df_6.0.26100.3912_none_3e07963ce335137e\COMCTL32.dll
0x00007fffc7ac0000 - 0x00007fffc7aeb000 	C:\WINDOWS\System32\GDI32.dll
0x00007fffc79c0000 - 0x00007fffc7a69000 	C:\WINDOWS\System32\msvcrt.dll
0x00007fffc6020000 - 0x00007fffc6152000 	C:\WINDOWS\System32\gdi32full.dll
0x00007fffc6740000 - 0x00007fffc67e3000 	C:\WINDOWS\System32\msvcp_win.dll
0x00007fffc7870000 - 0x00007fffc78a0000 	C:\WINDOWS\System32\IMM32.DLL
0x00007fffbfc50000 - 0x00007fffbfc5c000 	C:\Users\kylee\.jdks\openjdk-23.0.2\bin\vcruntime140_1.dll
0x00007fffa73c0000 - 0x00007fffa744e000 	C:\Users\kylee\.jdks\openjdk-23.0.2\bin\msvcp140.dll
0x00007ffed70b0000 - 0x00007ffed7e00000 	C:\Users\kylee\.jdks\openjdk-23.0.2\bin\server\jvm.dll
0x00007fffc89a0000 - 0x00007fffc8a52000 	C:\WINDOWS\System32\ADVAPI32.dll
0x00007fffc74c0000 - 0x00007fffc7566000 	C:\WINDOWS\System32\sechost.dll
0x00007fffc7af0000 - 0x00007fffc7c06000 	C:\WINDOWS\System32\RPCRT4.dll
0x00007fffc76d0000 - 0x00007fffc7744000 	C:\WINDOWS\System32\WS2_32.dll
0x00007fffc5aa0000 - 0x00007fffc5afe000 	C:\WINDOWS\SYSTEM32\POWRPROF.dll
0x00007fffbe760000 - 0x00007fffbe796000 	C:\WINDOWS\SYSTEM32\WINMM.dll
0x00007fffbf4e0000 - 0x00007fffbf4eb000 	C:\WINDOWS\SYSTEM32\VERSION.dll
0x00007fffc5a80000 - 0x00007fffc5a94000 	C:\WINDOWS\SYSTEM32\UMPDC.dll
0x00007fffc4a10000 - 0x00007fffc4a2a000 	C:\WINDOWS\SYSTEM32\kernel.appcore.dll
0x00007fffbe250000 - 0x00007fffbe25a000 	C:\Users\kylee\.jdks\openjdk-23.0.2\bin\jimage.dll
0x00007fffb7670000 - 0x00007fffb78b1000 	C:\WINDOWS\SYSTEM32\DBGHELP.DLL
0x00007fffc7c10000 - 0x00007fffc7f94000 	C:\WINDOWS\System32\combase.dll
0x00007fffc71e0000 - 0x00007fffc72c0000 	C:\WINDOWS\System32\OLEAUT32.dll
0x00007fff9bfe0000 - 0x00007fff9c019000 	C:\WINDOWS\SYSTEM32\dbgcore.DLL
0x00007fffc6430000 - 0x00007fffc64c9000 	C:\WINDOWS\System32\bcryptPrimitives.dll
0x00007fffba900000 - 0x00007fffba91e000 	C:\Users\kylee\.jdks\openjdk-23.0.2\bin\java.dll
0x00007fffc7fa0000 - 0x00007fffc813f000 	C:\WINDOWS\System32\ole32.dll
0x00007fffc8270000 - 0x00007fffc899d000 	C:\WINDOWS\System32\SHELL32.dll
0x00007fffc65c0000 - 0x00007fffc6734000 	C:\WINDOWS\System32\wintypes.dll
0x00007fffc38c0000 - 0x00007fffc4116000 	C:\WINDOWS\SYSTEM32\windows.storage.dll
0x00007fffc7750000 - 0x00007fffc783f000 	C:\WINDOWS\System32\SHCORE.dll
0x00007fffc8200000 - 0x00007fffc8269000 	C:\WINDOWS\System32\shlwapi.dll
0x00007fffc5b60000 - 0x00007fffc5b8f000 	C:\WINDOWS\SYSTEM32\profapi.dll
0x00007fff87800000 - 0x00007fff878d7000 	C:\Users\kylee\.jdks\openjdk-23.0.2\bin\jsvml.dll
0x00007fffba8d0000 - 0x00007fffba8e0000 	C:\Users\kylee\.jdks\openjdk-23.0.2\bin\net.dll
0x00007fffc4f80000 - 0x00007fffc4fea000 	C:\WINDOWS\system32\mswsock.dll
0x00007fffba020000 - 0x00007fffba036000 	C:\Users\kylee\.jdks\openjdk-23.0.2\bin\nio.dll
0x00007fffba8e0000 - 0x00007fffba8f7000 	C:\Users\kylee\.jdks\openjdk-23.0.2\bin\zip.dll
0x000001621f940000 - 0x000001621f943000 	C:\Users\kylee\.openjfx\cache\21.0.6+3\amd64\api-ms-win-core-console-l1-1-0.dll
0x000001621f950000 - 0x000001621f953000 	C:\Users\kylee\.openjfx\cache\21.0.6+3\amd64\api-ms-win-core-console-l1-2-0.dll
0x000001621f960000 - 0x000001621f963000 	C:\Users\kylee\.openjfx\cache\21.0.6+3\amd64\api-ms-win-core-datetime-l1-1-0.dll
0x000001621f970000 - 0x000001621f973000 	C:\Users\kylee\.openjfx\cache\21.0.6+3\amd64\api-ms-win-core-debug-l1-1-0.dll
0x000001621f980000 - 0x000001621f983000 	C:\Users\kylee\.openjfx\cache\21.0.6+3\amd64\api-ms-win-core-errorhandling-l1-1-0.dll
0x000001621f990000 - 0x000001621f994000 	C:\Users\kylee\.openjfx\cache\21.0.6+3\amd64\api-ms-win-core-file-l1-1-0.dll
0x000001621f9a0000 - 0x000001621f9a3000 	C:\Users\kylee\.openjfx\cache\21.0.6+3\amd64\api-ms-win-core-file-l1-2-0.dll
0x000001621f9b0000 - 0x000001621f9b3000 	C:\Users\kylee\.openjfx\cache\21.0.6+3\amd64\api-ms-win-core-file-l2-1-0.dll
0x000001621f9c0000 - 0x000001621f9c3000 	C:\Users\kylee\.openjfx\cache\21.0.6+3\amd64\api-ms-win-core-handle-l1-1-0.dll
0x000001621f9d0000 - 0x000001621f9d3000 	C:\Users\kylee\.openjfx\cache\21.0.6+3\amd64\api-ms-win-core-heap-l1-1-0.dll
0x000001621f9e0000 - 0x000001621f9e3000 	C:\Users\kylee\.openjfx\cache\21.0.6+3\amd64\api-ms-win-core-interlocked-l1-1-0.dll
0x000001621f9f0000 - 0x000001621f9f3000 	C:\Users\kylee\.openjfx\cache\21.0.6+3\amd64\api-ms-win-core-libraryloader-l1-1-0.dll
0x000001621fa00000 - 0x000001621fa03000 	C:\Users\kylee\.openjfx\cache\21.0.6+3\amd64\api-ms-win-core-localization-l1-2-0.dll
0x000001621fa10000 - 0x000001621fa13000 	C:\Users\kylee\.openjfx\cache\21.0.6+3\amd64\api-ms-win-core-memory-l1-1-0.dll
0x000001621fa20000 - 0x000001621fa23000 	C:\Users\kylee\.openjfx\cache\21.0.6+3\amd64\api-ms-win-core-namedpipe-l1-1-0.dll
0x000001621fa30000 - 0x000001621fa33000 	C:\Users\kylee\.openjfx\cache\21.0.6+3\amd64\api-ms-win-core-processenvironment-l1-1-0.dll
0x000001621fa40000 - 0x000001621fa43000 	C:\Users\kylee\.openjfx\cache\21.0.6+3\amd64\api-ms-win-core-processthreads-l1-1-0.dll
0x000001621fa50000 - 0x000001621fa53000 	C:\Users\kylee\.openjfx\cache\21.0.6+3\amd64\api-ms-win-core-processthreads-l1-1-1.dll
0x000001621fa60000 - 0x000001621fa63000 	C:\Users\kylee\.openjfx\cache\21.0.6+3\amd64\api-ms-win-core-profile-l1-1-0.dll
0x000001621fa70000 - 0x000001621fa73000 	C:\Users\kylee\.openjfx\cache\21.0.6+3\amd64\api-ms-win-core-rtlsupport-l1-1-0.dll
0x000001621fa80000 - 0x000001621fa83000 	C:\Users\kylee\.openjfx\cache\21.0.6+3\amd64\api-ms-win-core-string-l1-1-0.dll
0x000001621fa90000 - 0x000001621fa93000 	C:\Users\kylee\.openjfx\cache\21.0.6+3\amd64\api-ms-win-core-synch-l1-1-0.dll
0x000001621faa0000 - 0x000001621faa3000 	C:\Users\kylee\.openjfx\cache\21.0.6+3\amd64\api-ms-win-core-synch-l1-2-0.dll
0x000001621fab0000 - 0x000001621fab3000 	C:\Users\kylee\.openjfx\cache\21.0.6+3\amd64\api-ms-win-core-sysinfo-l1-1-0.dll
0x000001621fac0000 - 0x000001621fac3000 	C:\Users\kylee\.openjfx\cache\21.0.6+3\amd64\api-ms-win-core-timezone-l1-1-0.dll
0x000001621fad0000 - 0x000001621fad3000 	C:\Users\kylee\.openjfx\cache\21.0.6+3\amd64\api-ms-win-core-util-l1-1-0.dll
0x000001621fae0000 - 0x000001621fae3000 	C:\Users\kylee\.openjfx\cache\21.0.6+3\amd64\api-ms-win-crt-conio-l1-1-0.dll
0x000001621faf0000 - 0x000001621faf4000 	C:\Users\kylee\.openjfx\cache\21.0.6+3\amd64\api-ms-win-crt-convert-l1-1-0.dll
0x000001621fb00000 - 0x000001621fb03000 	C:\Users\kylee\.openjfx\cache\21.0.6+3\amd64\api-ms-win-crt-environment-l1-1-0.dll
0x000001621fb10000 - 0x000001621fb13000 	C:\Users\kylee\.openjfx\cache\21.0.6+3\amd64\api-ms-win-crt-filesystem-l1-1-0.dll
0x000001621fb20000 - 0x000001621fb23000 	C:\Users\kylee\.openjfx\cache\21.0.6+3\amd64\api-ms-win-crt-heap-l1-1-0.dll
0x000001621fb30000 - 0x000001621fb33000 	C:\Users\kylee\.openjfx\cache\21.0.6+3\amd64\api-ms-win-crt-locale-l1-1-0.dll
0x000001621fb40000 - 0x000001621fb45000 	C:\Users\kylee\.openjfx\cache\21.0.6+3\amd64\api-ms-win-crt-math-l1-1-0.dll
0x000001621fb50000 - 0x000001621fb55000 	C:\Users\kylee\.openjfx\cache\21.0.6+3\amd64\api-ms-win-crt-multibyte-l1-1-0.dll
0x000001621fb60000 - 0x000001621fb70000 	C:\Users\kylee\.openjfx\cache\21.0.6+3\amd64\api-ms-win-crt-private-l1-1-0.dll
0x000001621fb70000 - 0x000001621fb73000 	C:\Users\kylee\.openjfx\cache\21.0.6+3\amd64\api-ms-win-crt-process-l1-1-0.dll
0x000001621fb80000 - 0x000001621fb84000 	C:\Users\kylee\.openjfx\cache\21.0.6+3\amd64\api-ms-win-crt-runtime-l1-1-0.dll
0x000001621fb90000 - 0x000001621fb94000 	C:\Users\kylee\.openjfx\cache\21.0.6+3\amd64\api-ms-win-crt-stdio-l1-1-0.dll
0x000001621fba0000 - 0x000001621fba4000 	C:\Users\kylee\.openjfx\cache\21.0.6+3\amd64\api-ms-win-crt-string-l1-1-0.dll
0x000001621fbb0000 - 0x000001621fbb3000 	C:\Users\kylee\.openjfx\cache\21.0.6+3\amd64\api-ms-win-crt-time-l1-1-0.dll
0x000001621fbc0000 - 0x000001621fbc3000 	C:\Users\kylee\.openjfx\cache\21.0.6+3\amd64\api-ms-win-crt-utility-l1-1-0.dll
0x00007fff617e0000 - 0x00007fff618dc000 	C:\Users\kylee\.openjfx\cache\21.0.6+3\amd64\ucrtbase.dll
0x00007fffb55f0000 - 0x00007fffb560b000 	C:\Users\kylee\.openjfx\cache\21.0.6+3\amd64\vcruntime140.dll
0x00007fffb5620000 - 0x00007fffb562c000 	C:\Users\kylee\.openjfx\cache\21.0.6+3\amd64\vcruntime140_1.dll
0x00007fff80610000 - 0x00007fff8069e000 	C:\Users\kylee\.openjfx\cache\21.0.6+3\amd64\msvcp140.dll
0x00007fffb55e0000 - 0x00007fffb55e9000 	C:\Users\kylee\.openjfx\cache\21.0.6+3\amd64\msvcp140_1.dll
0x00007fff98230000 - 0x00007fff98271000 	C:\Users\kylee\.openjfx\cache\21.0.6+3\amd64\msvcp140_2.dll
0x00007fffb5520000 - 0x00007fffb5550000 	C:\Users\kylee\.openjfx\cache\21.0.6+3\amd64\prism_d3d.dll
0x00007fff7fb90000 - 0x00007fff7fd45000 	C:\WINDOWS\system32\d3d9.dll
0x00007fffc31e0000 - 0x00007fffc3216000 	C:\WINDOWS\SYSTEM32\dwmapi.dll
0x00007fffc3190000 - 0x00007fffc31d7000 	C:\WINDOWS\SYSTEM32\dxcore.dll
0x00007fffc2e70000 - 0x00007fffc2f1f000 	C:\WINDOWS\system32\uxtheme.dll
0x00007fffbe270000 - 0x00007fffbe42b000 	C:\WINDOWS\System32\DriverStore\FileRepository\u0395230.inf_amd64_85827d0eda6bae57\B394016\aticfx64.dll
0x00007fff83c00000 - 0x00007fff83c34000 	C:\WINDOWS\System32\DriverStore\FileRepository\u0395230.inf_amd64_85827d0eda6bae57\B394016\atiu9p64.dll
0x00007fff1b6e0000 - 0x00007fff1c435000 	C:\WINDOWS\System32\DriverStore\FileRepository\u0395230.inf_amd64_85827d0eda6bae57\B394016\atiumd64.dll
0x000000005ac80000 - 0x000000005bbca000 	C:\WINDOWS\System32\DriverStore\FileRepository\u0395230.inf_amd64_85827d0eda6bae57\B394016\atiumd6a.dll
0x00007fffc6c30000 - 0x00007fffc70b6000 	C:\WINDOWS\System32\SETUPAPI.dll
0x00007fffbb3f0000 - 0x00007fffbb425000 	C:\WINDOWS\SYSTEM32\amdihk64.dll
0x00007fffc2fa0000 - 0x00007fffc3000000 	C:\WINDOWS\SYSTEM32\directxdatabasehelper.dll
0x00007fff97360000 - 0x00007fff973a2000 	C:\Users\kylee\.openjfx\cache\21.0.6+3\amd64\glass.dll
0x00007fffc78b0000 - 0x00007fffc79a4000 	C:\WINDOWS\System32\COMDLG32.dll
0x00007fffc7350000 - 0x00007fffc74af000 	C:\WINDOWS\System32\MSCTF.dll
0x00007fffa9c30000 - 0x00007fffa9c45000 	C:\Users\kylee\.openjfx\cache\21.0.6+3\amd64\javafx_font.dll
0x00007fffc16d0000 - 0x00007fffc1939000 	C:\WINDOWS\SYSTEM32\dwrite.dll
0x00007fffc8150000 - 0x00007fffc81f8000 	C:\WINDOWS\System32\clbcatq.dll
0x00007fffc0fe0000 - 0x00007fffc121a000 	C:\WINDOWS\SYSTEM32\WindowsCodecs.dll
0x00007fff82580000 - 0x00007fff825da000 	C:\WINDOWS\system32\dataexchange.dll
0x00007fffbafd0000 - 0x00007fffbb20c000 	C:\WINDOWS\system32\twinapi.appcore.dll
0x00007fffb5bd0000 - 0x00007fffb5bfc000 	C:\Program Files\Common Files\Microsoft Shared\Ink\rtscom.dll
0x00007fffa3450000 - 0x00007fffa359d000 	C:\WINDOWS\SYSTEM32\textinputframework.dll
0x00007fffc28b0000 - 0x00007fffc29d6000 	C:\WINDOWS\SYSTEM32\CoreMessaging.dll
0x00007fffbec10000 - 0x00007fffbeef3000 	C:\WINDOWS\SYSTEM32\CoreUIComponents.dll
0x00007fffc5220000 - 0x00007fffc522c000 	C:\WINDOWS\SYSTEM32\CRYPTBASE.DLL
0x00007fffc1bb0000 - 0x00007fffc21e9000 	C:\WINDOWS\SYSTEM32\d2d1.dll
0x00007fffc1940000 - 0x00007fffc1ba6000 	C:\WINDOWS\SYSTEM32\d3d11.dll
0x00007fffc3010000 - 0x00007fffc3143000 	C:\WINDOWS\SYSTEM32\dxgi.dll
0x00007fffc5770000 - 0x00007fffc57c7000 	C:\WINDOWS\SYSTEM32\cfgmgr32.dll
0x00007fff12d90000 - 0x00007fff1333c000 	C:\WINDOWS\SYSTEM32\D3D10Warp.dll

dbghelp: loaded successfully - version: 4.0.5 - missing functions: none
symbol engine: initialized successfully - sym options: 0x614 - pdb path: .;C:\Users\kylee\.jdks\openjdk-23.0.2\bin;C:\WINDOWS\SYSTEM32;C:\WINDOWS\WinSxS\amd64_microsoft.windows.common-controls_6595b64144ccf1df_6.0.26100.3912_none_3e07963ce335137e;C:\Users\kylee\.jdks\openjdk-23.0.2\bin\server;C:\Users\kylee\.openjfx\cache\21.0.6+3\amd64;C:\WINDOWS\System32\DriverStore\FileRepository\u0395230.inf_amd64_85827d0eda6bae57\B394016;C:\Program Files\Common Files\Microsoft Shared\Ink

VM Arguments:
jvm_args: -Dfile.encoding=UTF-8 -Duser.country=AU -Duser.language=en -Duser.variant 
java_command: dungeon.gui.RunGame
java_class_path (initial): C:\Users\kylee\IdeaProjects\ict221-mini-dungeon-keg015\build\classes\java\main;C:\Users\kylee\IdeaProjects\ict221-mini-dungeon-keg015\build\resources\main;C:\Users\kylee\.gradle\caches\modules-2\files-2.1\org.openjfx\javafx-fxml\21.0.6\619274279afa66b962155f4a4052088e3b64bcee\javafx-fxml-21.0.6-win.jar;C:\Users\kylee\.gradle\caches\modules-2\files-2.1\org.openjfx\javafx-controls\21.0.6\4ee4d509d5c67b8b9626e1432fbe11448cfce3d3\javafx-controls-21.0.6-win.jar;C:\Users\kylee\.gradle\caches\modules-2\files-2.1\org.openjfx\javafx-graphics\21.0.6\8c95a983a02e5211f6808d2bd775139e09669e3a\javafx-graphics-21.0.6-win.jar;C:\Users\kylee\.gradle\caches\modules-2\files-2.1\org.openjfx\javafx-base\21.0.6\1abc0ceb22d0434806a9501eff9e63ec0cfda25c\javafx-base-21.0.6-win.jar
Launcher Type: SUN_STANDARD

[Global flags]
     intx CICompilerCount                          = 12                                        {product} {ergonomic}
     uint ConcGCThreads                            = 3                                         {product} {ergonomic}
     uint G1ConcRefinementThreads                  = 13                                        {product} {ergonomic}
   size_t G1HeapRegionSize                         = 4194304                                   {product} {ergonomic}
   size_t InitialHeapSize                          = 528482304                                 {product} {ergonomic}
   size_t MarkStackSize                            = 4194304                                   {product} {ergonomic}
   size_t MarkStackSizeMax                         = 536870912                                 {product} {ergonomic}
   size_t MaxHeapSize                              = 8413773824                                {product} {ergonomic}
   size_t MaxNewSize                               = 5045747712                                {product} {ergonomic}
   size_t MinHeapDeltaBytes                        = 4194304                                   {product} {ergonomic}
   size_t MinHeapSize                              = 8388608                                   {product} {ergonomic}
    uintx NonNMethodCodeHeapSize                   = 7602176                                {pd product} {ergonomic}
    uintx NonProfiledCodeHeapSize                  = 122093568                              {pd product} {ergonomic}
    uintx ProfiledCodeHeapSize                     = 121962496                              {pd product} {ergonomic}
    uintx ReservedCodeCacheSize                    = 251658240                              {pd product} {ergonomic}
     bool SegmentedCodeCache                       = true                                      {product} {ergonomic}
   size_t SoftMaxHeapSize                          = 8413773824                             {manageable} {ergonomic}
     bool UseCompressedOops                        = true                           {product lp64_product} {ergonomic}
     bool UseG1GC                                  = true                                      {product} {ergonomic}
     bool UseLargePagesIndividualAllocation        = false                                  {pd product} {ergonomic}

Logging:
Log output configuration:
 #0: stdout all=off uptime,level,tags foldmultilines=false
 #1: stderr all=off uptime,level,tags foldmultilines=false

Environment Variables:
PATH=C:\Program Files\Common Files\Oracle\Java\javapath;C:\WINDOWS\system32;C:\WINDOWS;C:\WINDOWS\System32\Wbem;C:\WINDOWS\System32\WindowsPowerShell\v1.0\;C:\WINDOWS\System32\OpenSSH\;C:\Program Files\Calibre2\;C:\Program Files (x86)\Microsoft SQL Server\160\DTS\Binn\;C:\Program Files (x86)\Microsoft SQL Server\160\Tools\Binn\;C:\Program Files\Microsoft SQL Server\160\Tools\Binn\;C:\Program Files\Microsoft SQL Server\Client SDK\ODBC\170\Tools\Binn\;C:\Program Files\Microsoft SQL Server\160\DTS\Binn\;C:\Program Files\Git\cmd;C:\Users\kylee\Downloads\jdk-21.0.6_windows-x64_bin.exe;C:\Users\kylee\OneDrive\Documents\gradle-8.4\bin;C:\Users\kylee\AppData\Local\Programs\Python\Launcher\;C:\Users\kylee\AppData\Local\Microsoft\WindowsApps;C:\Users\kylee\AppData\Local\Programs\Microsoft VS Code\bin;C:\Users\kylee\AppData\Local\GitHubDesktop\bin;C:\Users\kylee\AppData\Local\Programs\Azure Data Studio\bin;C:\Users\kylee\AppData\Local\JetBrains\Toolbox\scripts;
USERNAME=kylee
OS=Windows_NT
PROCESSOR_IDENTIFIER=AMD64 Family 23 Model 104 Stepping 1, AuthenticAMD
TMP=C:\Users\kylee\AppData\Local\Temp
TEMP=C:\Users\kylee\AppData\Local\Temp




Periodic native trim disabled

---------------  S Y S T E M  ---------------

OS:
 Windows 11 , 64 bit Build 26100 (10.0.26100.3912)
OS uptime: 13 days 20:41 hours
Hyper-V role detected

CPU: total 16 (initial active 16) (16 cores per cpu, 2 threads per core) family 23 model 104 stepping 1 microcode 0x8608104, cx8, cmov, fxsr, ht, mmx, 3dnowpref, sse, sse2, sse3, ssse3, sse4a, sse4.1, sse4.2, popcnt, lzcnt, tsc, tscinvbit, avx, avx2, aes, clmul, bmi1, bmi2, adx, sha, fma, vzeroupper, clflush, clflushopt, hv, rdtscp, rdpid, f16c
Processor Information for the first 16 processors :
  Max Mhz: 1801, Current Mhz: 1440, Mhz Limit: 1801

Memory: 4k page, system-wide physical 32090M (14604M free)
TotalPageFile size 44378M (AvailPageFile size 14681M)
current process WorkingSet (physical memory assigned to process): 188M, peak: 265M
current process commit charge ("private bytes"): 693M, peak: 782M

vm_info: OpenJDK 64-Bit Server VM (23.0.2+7-58) for windows-amd64 JRE (23.0.2+7-58), built on 2024-11-29T09:34:55Z with MS VC++ 17.6 (VS2022)

END.
